<?xml version="1.0" encoding="UTF-8"?>
<!-- Generated by org.testng.reporters.JUnitReportReporter -->
<testsuite hostname="DESKTOP-BQJ0HP0" failures="0" tests="1" name="pojoTest_cls.intArray" time="1.327" errors="0" timestamp="2022-02-16T22:05:43 IST" skipped="0">
  <testcase classname="pojoTest_cls.intArray" name="intAray" time="1.327"/>
  <system-out/>
</testsuite> <!-- pojoTest_cls.intArray -->
