<?xml version="1.0" encoding="UTF-8"?>
<!-- Generated by org.testng.reporters.JUnitReportReporter -->
<testsuite hostname="DESKTOP-BQJ0HP0" failures="0" tests="1" name="pojoTest_cls.SpouseTest_cls" time="1.339" errors="0" timestamp="2022-02-16T23:25:56 IST" skipped="0">
  <testcase classname="pojoTest_cls.SpouseTest_cls" name="spousedetails_Test" time="1.339"/>
  <system-out/>
</testsuite> <!-- pojoTest_cls.SpouseTest_cls -->
