<?xml version="1.0" encoding="UTF-8"?>
<!-- Generated by org.testng.reporters.JUnitReportReporter -->
<testsuite hostname="DESKTOP-BQJ0HP0" failures="0" tests="1" name="pojoTest_cls.EmpDetails" time="1.596" errors="0" timestamp="2022-02-17T00:20:18 IST" skipped="0">
  <testcase classname="pojoTest_cls.EmpDetails" name="deails" time="1.596"/>
  <system-out/>
</testsuite> <!-- pojoTest_cls.EmpDetails -->
