<?xml version="1.0" encoding="UTF-8"?>
<!-- Generated by org.testng.reporters.JUnitReportReporter -->
<testsuite hostname="DESKTOP-BQJ0HP0" failures="0" tests="1" name="pojoTest_cls.PojoCls" time="1.551" errors="0" timestamp="2022-02-16T21:47:41 IST" skipped="0">
  <testcase classname="pojoTest_cls.PojoCls" name="emp" time="1.551"/>
  <system-out/>
</testsuite> <!-- pojoTest_cls.PojoCls -->
